<?xml version="1.0" encoding="UTF-8"?>
<testsuite xmlns:xsi="http://www.w3.org/2001/XMLSchema-instance" xsi:noNamespaceSchemaLocation="https://maven.apache.org/surefire/maven-surefire-plugin/xsd/surefire-test-report.xsd" name="US1009_Koala Resort Negative Test Coklu" time="88.433" tests="5" errors="0" skipped="0" failures="0">
  <properties>
[...]
</properties>
  <testcase name="TC13_kullanici farkli gecersiz bilgilerle giris yapamaz #1" classname="US1009_Koala Resort Negative Test Coklu" time="22.484"/>
  <testcase name="TC13_kullanici farkli gecersiz bilgilerle giris yapamaz #2" classname="US1009_Koala Resort Negative Test Coklu" time="20.17"/>
  <testcase name="TC13_kullanici farkli gecersiz bilgilerle giris yapamaz #3" classname="US1009_Koala Resort Negative Test Coklu" time="19.099"/>
  <testcase name="TC13_kullanici farkli gecersiz bilgilerle giris yapamaz #4" classname="US1009_Koala Resort Negative Test Coklu" time="13.764"/>
  <testcase name="TC13_kullanici farkli gecersiz bilgilerle giris yapamaz #5" classname="US1009_Koala Resort Negative Test Coklu" time="12.916"/>
</testsuite>